<?xml version="1.0" encoding="UTF-8"?>
<!-- Generated by org.testng.reporters.JUnitXMLReporter -->
<testsuite ignored="0" hostname="LIN24003207" failures="2" tests="4" name="Test" time="0.18" errors="0" timestamp="2023-08-25T16:53:53 IST">
  <testcase classname="com.testng.SecondTest" name="log" time="0.04">
    <failure type="java.lang.AssertionError" message="expected [true] but found [false]">
      <![CDATA[java.lang.AssertionError: expected [true] but found [false]
at com.testng.SecondTest.log(SecondTest.java:13)
at java.base/java.util.ArrayList.forEach(ArrayList.java:1511)
... Removed 34 stack frames]]>
    </failure>
  </testcase> <!-- log -->
  <testcase classname="com.testng.SecondTest" name="search" time="0.004">
    <failure type="java.lang.AssertionError" message="expected [true] but found [false]">
      <![CDATA[java.lang.AssertionError: expected [true] but found [false]
at com.testng.SecondTest.search(SecondTest.java:20)
at java.base/java.util.ArrayList.forEach(ArrayList.java:1511)
... Removed 34 stack frames]]>
    </failure>
  </testcase> <!-- search -->
  <testcase classname="com.testng.SecondTest" name="addtocart" time="0.005"/>
  <testcase classname="com.testng.SecondTest" name="checkout" time="0.003"/>
</testsuite> <!-- Test -->
