<?xml version="1.0" encoding="UTF-8"?>
<!-- Generated by org.testng.reporters.JUnitXMLReporter -->
<testsuite ignored="2" hostname="LIN24003207" failures="0" tests="2" name="Test4" time="0.013" errors="0" timestamp="2023-08-23T16:50:14 IST">
  <testcase classname="com.testng.SecondTest" name="log" time="0.002"/>
  <testcase classname="com.testng.SecondTest" name="checkout" time="0.001"/>
  <testcase classname="com.testng.SecondTest" name="search" time="0.0">
    <ignored/>
  </testcase> <!-- search -->
  <testcase classname="com.testng.SecondTest" name="addtocart" time="0.0">
    <ignored/>
  </testcase> <!-- addtocart -->
</testsuite> <!-- Test4 -->
