<?xml version="1.0" encoding="UTF-8"?>
<!-- Generated by org.testng.reporters.JUnitXMLReporter -->
<testsuite ignored="0" hostname="LIN24003207" failures="0" tests="3" name="Test3" time="5.36" errors="0" timestamp="2023-08-23T17:17:41 IST">
  <testcase classname="com.testng.ThirdTest" name="initializeBrowser" time="4.166"/>
  <testcase classname="com.testng.ThirdTest" name="test2" time="0.76"/>
  <testcase classname="com.testng.ThirdTest" name="teardown" time="0.421"/>
</testsuite> <!-- Test3 -->
