<?xml version="1.0" encoding="UTF-8"?>
<testsuite name="Cucumber" time="0.435" tests="1" skipped="0" failures="0" errors="0">
<testcase classname="validate Login Functionality for swag labs application" name="check the login functionality for valid data" time="0.037">
<system-out><![CDATA[
Given user is on the login page of swag lab.................................passed
When user enter uname & password............................................passed
And user clicks on login button.............................................passed
Then Login should be successful.............................................passed
]]></system-out>
</testcase>
</testsuite>
